<?xml version="1.0" encoding="UTF-8" standalone="no"?>
<testsuite failures="6" name="cucumber.runtime.formatter.JUnitFormatter" skipped="0" tests="6" time="76.922873">
<testcase classname="sorting by price - cheapest" name="1. Cheapest first sorting of Train results" time="47.613977">
<failure message="java.lang.AssertionError: No travel options listed&#10;&#9;at org.junit.Assert.fail(Assert.java:88)&#10;&#9;at org.junit.Assert.assertTrue(Assert.java:41)&#10;&#9;at com.goeuro.bddAutomation.ResultsPage.should_see_a_price_sorted_options_with_cheapest_first(ResultsPage.java:49)&#10;&#9;at ✽.Then I should see a price sorted options with cheapest first(resultsSortedByPrice.feature:10)&#10;"><![CDATA[Given I search for route from "Berlin, Deutschland" to "Prag, Tschechien" on "20" of next month.passed
When I sort by cheapest price...............................................passed
And I select results for "train"............................................passed
Then I should see a price sorted options with cheapest first................failed

StackTrace:
java.lang.AssertionError: No travel options listed
	at org.junit.Assert.fail(Assert.java:88)
	at org.junit.Assert.assertTrue(Assert.java:41)
	at com.goeuro.bddAutomation.ResultsPage.should_see_a_price_sorted_options_with_cheapest_first(ResultsPage.java:49)
	at ✽.Then I should see a price sorted options with cheapest first(resultsSortedByPrice.feature:10)
]]></failure>
</testcase>
<testcase classname="sorting by price - cheapest" name="1. Cheapest first sorting of Train results" time="6.377133">
<failure message="org.openqa.selenium.WebDriverException: Element is not clickable at point (370, 52.69999694824219). Other element would receive the click: &lt;div class=&quot;ui-datepicker-title&quot;&gt;&lt;/div&gt;&#10;Command duration or timeout: 67 milliseconds&#10;Build info: version: '2.53.0', revision: '35ae25b', time: '2016-03-15 16:57:40'&#10;System info: host: 'tubuntu', ip: '127.0.1.1', os.name: 'Linux', os.arch: 'amd64', os.version: '3.19.0-58-generic', java.version: '1.8.0_77'&#10;Driver info: org.openqa.selenium.firefox.FirefoxDriver&#10;Capabilities [{applicationCacheEnabled=true, rotatable=false, handlesAlerts=true, databaseEnabled=true, version=45.0.1, platform=LINUX, nativeEvents=false, acceptSslCerts=true, webStorageEnabled=true, locationContextEnabled=true, browserName=firefox, takesScreenshot=true, javascriptEnabled=true, cssSelectorsEnabled=true}]&#10;Session ID: cbb111bf-5d1b-4889-b3c2-be45a8cab8e1&#10;&#9;at sun.reflect.NativeConstructorAccessorImpl.newInstance0(Native Method)&#10;&#9;at sun.reflect.NativeConstructorAccessorImpl.newInstance(NativeConstructorAccessorImpl.java:62)&#10;&#9;at sun.reflect.DelegatingConstructorAccessorImpl.newInstance(DelegatingConstructorAccessorImpl.java:45)&#10;&#9;at java.lang.reflect.Constructor.newInstance(Constructor.java:423)&#10;&#9;at org.openqa.selenium.remote.ErrorHandler.createThrowable(ErrorHandler.java:206)&#10;&#9;at org.openqa.selenium.remote.ErrorHandler.throwIfResponseFailed(ErrorHandler.java:158)&#10;&#9;at org.openqa.selenium.remote.RemoteWebDriver.execute(RemoteWebDriver.java:678)&#10;&#9;at org.openqa.selenium.remote.RemoteWebElement.execute(RemoteWebElement.java:327)&#10;&#9;at org.openqa.selenium.remote.RemoteWebElement.click(RemoteWebElement.java:85)&#10;&#9;at sun.reflect.NativeMethodAccessorImpl.invoke0(Native Method)&#10;&#9;at sun.reflect.NativeMethodAccessorImpl.invoke(NativeMethodAccessorImpl.java:62)&#10;&#9;at sun.reflect.DelegatingMethodAccessorImpl.invoke(DelegatingMethodAccessorImpl.java:43)&#10;&#9;at java.lang.reflect.Method.invoke(Method.java:498)&#10;&#9;at org.openqa.selenium.support.events.EventFiringWebDriver$EventFiringWebElement$1.invoke(EventFiringWebDriver.java:335)&#10;&#9;at com.sun.proxy.$Proxy21.click(Unknown Source)&#10;&#9;at org.openqa.selenium.support.events.EventFiringWebDriver$EventFiringWebElement.click(EventFiringWebDriver.java:348)&#10;&#9;at com.goeuro.bddAutomation.HomePage.i_search_for_route_from_to_on_of_next_month(HomePage.java:33)&#10;&#9;at ✽.Given I search for route from &quot;Berlin, Deutschland&quot; to &quot;Prag, Tschechien&quot; on &quot;20&quot; of next month(resultsSortedByPrice.feature:7)&#10;"><![CDATA[Given I search for route from "Berlin, Deutschland" to "Prag, Tschechien" on "20" of next month.failed
When I sort by cheapest price...............................................skipped
And I select results for "train"............................................skipped
Then I should see a price sorted options with cheapest first................skipped

StackTrace:
org.openqa.selenium.WebDriverException: Element is not clickable at point (370, 52.69999694824219). Other element would receive the click: <div class="ui-datepicker-title"></div>
Command duration or timeout: 67 milliseconds
Build info: version: '2.53.0', revision: '35ae25b', time: '2016-03-15 16:57:40'
System info: host: 'tubuntu', ip: '127.0.1.1', os.name: 'Linux', os.arch: 'amd64', os.version: '3.19.0-58-generic', java.version: '1.8.0_77'
Driver info: org.openqa.selenium.firefox.FirefoxDriver
Capabilities [{applicationCacheEnabled=true, rotatable=false, handlesAlerts=true, databaseEnabled=true, version=45.0.1, platform=LINUX, nativeEvents=false, acceptSslCerts=true, webStorageEnabled=true, locationContextEnabled=true, browserName=firefox, takesScreenshot=true, javascriptEnabled=true, cssSelectorsEnabled=true}]
Session ID: cbb111bf-5d1b-4889-b3c2-be45a8cab8e1
	at sun.reflect.NativeConstructorAccessorImpl.newInstance0(Native Method)
	at sun.reflect.NativeConstructorAccessorImpl.newInstance(NativeConstructorAccessorImpl.java:62)
	at sun.reflect.DelegatingConstructorAccessorImpl.newInstance(DelegatingConstructorAccessorImpl.java:45)
	at java.lang.reflect.Constructor.newInstance(Constructor.java:423)
	at org.openqa.selenium.remote.ErrorHandler.createThrowable(ErrorHandler.java:206)
	at org.openqa.selenium.remote.ErrorHandler.throwIfResponseFailed(ErrorHandler.java:158)
	at org.openqa.selenium.remote.RemoteWebDriver.execute(RemoteWebDriver.java:678)
	at org.openqa.selenium.remote.RemoteWebElement.execute(RemoteWebElement.java:327)
	at org.openqa.selenium.remote.RemoteWebElement.click(RemoteWebElement.java:85)
	at sun.reflect.NativeMethodAccessorImpl.invoke0(Native Method)
	at sun.reflect.NativeMethodAccessorImpl.invoke(NativeMethodAccessorImpl.java:62)
	at sun.reflect.DelegatingMethodAccessorImpl.invoke(DelegatingMethodAccessorImpl.java:43)
	at java.lang.reflect.Method.invoke(Method.java:498)
	at org.openqa.selenium.support.events.EventFiringWebDriver$EventFiringWebElement$1.invoke(EventFiringWebDriver.java:335)
	at com.sun.proxy.$Proxy21.click(Unknown Source)
	at org.openqa.selenium.support.events.EventFiringWebDriver$EventFiringWebElement.click(EventFiringWebDriver.java:348)
	at com.goeuro.bddAutomation.HomePage.i_search_for_route_from_to_on_of_next_month(HomePage.java:33)
	at ✽.Given I search for route from "Berlin, Deutschland" to "Prag, Tschechien" on "20" of next month(resultsSortedByPrice.feature:7)
]]></failure>
</testcase>
<testcase classname="sorting by price - cheapest" name="2. Cheapest first sorting of Flight results" time="6.425818">
<failure message="org.openqa.selenium.WebDriverException: Element is not clickable at point (370, 52.69999694824219). Other element would receive the click: &lt;div class=&quot;ui-datepicker-title&quot;&gt;&lt;/div&gt;&#10;Command duration or timeout: 68 milliseconds&#10;Build info: version: '2.53.0', revision: '35ae25b', time: '2016-03-15 16:57:40'&#10;System info: host: 'tubuntu', ip: '127.0.1.1', os.name: 'Linux', os.arch: 'amd64', os.version: '3.19.0-58-generic', java.version: '1.8.0_77'&#10;Driver info: org.openqa.selenium.firefox.FirefoxDriver&#10;Capabilities [{applicationCacheEnabled=true, rotatable=false, handlesAlerts=true, databaseEnabled=true, version=45.0.1, platform=LINUX, nativeEvents=false, acceptSslCerts=true, webStorageEnabled=true, locationContextEnabled=true, browserName=firefox, takesScreenshot=true, javascriptEnabled=true, cssSelectorsEnabled=true}]&#10;Session ID: cbb111bf-5d1b-4889-b3c2-be45a8cab8e1&#10;&#9;at sun.reflect.NativeConstructorAccessorImpl.newInstance0(Native Method)&#10;&#9;at sun.reflect.NativeConstructorAccessorImpl.newInstance(NativeConstructorAccessorImpl.java:62)&#10;&#9;at sun.reflect.DelegatingConstructorAccessorImpl.newInstance(DelegatingConstructorAccessorImpl.java:45)&#10;&#9;at java.lang.reflect.Constructor.newInstance(Constructor.java:423)&#10;&#9;at org.openqa.selenium.remote.ErrorHandler.createThrowable(ErrorHandler.java:206)&#10;&#9;at org.openqa.selenium.remote.ErrorHandler.throwIfResponseFailed(ErrorHandler.java:158)&#10;&#9;at org.openqa.selenium.remote.RemoteWebDriver.execute(RemoteWebDriver.java:678)&#10;&#9;at org.openqa.selenium.remote.RemoteWebElement.execute(RemoteWebElement.java:327)&#10;&#9;at org.openqa.selenium.remote.RemoteWebElement.click(RemoteWebElement.java:85)&#10;&#9;at sun.reflect.NativeMethodAccessorImpl.invoke0(Native Method)&#10;&#9;at sun.reflect.NativeMethodAccessorImpl.invoke(NativeMethodAccessorImpl.java:62)&#10;&#9;at sun.reflect.DelegatingMethodAccessorImpl.invoke(DelegatingMethodAccessorImpl.java:43)&#10;&#9;at java.lang.reflect.Method.invoke(Method.java:498)&#10;&#9;at org.openqa.selenium.support.events.EventFiringWebDriver$EventFiringWebElement$1.invoke(EventFiringWebDriver.java:335)&#10;&#9;at com.sun.proxy.$Proxy21.click(Unknown Source)&#10;&#9;at org.openqa.selenium.support.events.EventFiringWebDriver$EventFiringWebElement.click(EventFiringWebDriver.java:348)&#10;&#9;at com.goeuro.bddAutomation.HomePage.i_search_for_route_from_to_on_of_next_month(HomePage.java:33)&#10;&#9;at ✽.Given I search for route from &quot;Berlin, Deutschland&quot; to &quot;Prag, Tschechien&quot; on &quot;20&quot; of next month(resultsSortedByPrice.feature:13)&#10;"><![CDATA[Given I search for route from "Berlin, Deutschland" to "Prag, Tschechien" on "20" of next month.failed
When I sort by cheapest price...............................................skipped
And I select results for "flight"...........................................skipped
Then I should see a price sorted options with cheapest first................skipped

StackTrace:
org.openqa.selenium.WebDriverException: Element is not clickable at point (370, 52.69999694824219). Other element would receive the click: <div class="ui-datepicker-title"></div>
Command duration or timeout: 68 milliseconds
Build info: version: '2.53.0', revision: '35ae25b', time: '2016-03-15 16:57:40'
System info: host: 'tubuntu', ip: '127.0.1.1', os.name: 'Linux', os.arch: 'amd64', os.version: '3.19.0-58-generic', java.version: '1.8.0_77'
Driver info: org.openqa.selenium.firefox.FirefoxDriver
Capabilities [{applicationCacheEnabled=true, rotatable=false, handlesAlerts=true, databaseEnabled=true, version=45.0.1, platform=LINUX, nativeEvents=false, acceptSslCerts=true, webStorageEnabled=true, locationContextEnabled=true, browserName=firefox, takesScreenshot=true, javascriptEnabled=true, cssSelectorsEnabled=true}]
Session ID: cbb111bf-5d1b-4889-b3c2-be45a8cab8e1
	at sun.reflect.NativeConstructorAccessorImpl.newInstance0(Native Method)
	at sun.reflect.NativeConstructorAccessorImpl.newInstance(NativeConstructorAccessorImpl.java:62)
	at sun.reflect.DelegatingConstructorAccessorImpl.newInstance(DelegatingConstructorAccessorImpl.java:45)
	at java.lang.reflect.Constructor.newInstance(Constructor.java:423)
	at org.openqa.selenium.remote.ErrorHandler.createThrowable(ErrorHandler.java:206)
	at org.openqa.selenium.remote.ErrorHandler.throwIfResponseFailed(ErrorHandler.java:158)
	at org.openqa.selenium.remote.RemoteWebDriver.execute(RemoteWebDriver.java:678)
	at org.openqa.selenium.remote.RemoteWebElement.execute(RemoteWebElement.java:327)
	at org.openqa.selenium.remote.RemoteWebElement.click(RemoteWebElement.java:85)
	at sun.reflect.NativeMethodAccessorImpl.invoke0(Native Method)
	at sun.reflect.NativeMethodAccessorImpl.invoke(NativeMethodAccessorImpl.java:62)
	at sun.reflect.DelegatingMethodAccessorImpl.invoke(DelegatingMethodAccessorImpl.java:43)
	at java.lang.reflect.Method.invoke(Method.java:498)
	at org.openqa.selenium.support.events.EventFiringWebDriver$EventFiringWebElement$1.invoke(EventFiringWebDriver.java:335)
	at com.sun.proxy.$Proxy21.click(Unknown Source)
	at org.openqa.selenium.support.events.EventFiringWebDriver$EventFiringWebElement.click(EventFiringWebDriver.java:348)
	at com.goeuro.bddAutomation.HomePage.i_search_for_route_from_to_on_of_next_month(HomePage.java:33)
	at ✽.Given I search for route from "Berlin, Deutschland" to "Prag, Tschechien" on "20" of next month(resultsSortedByPrice.feature:13)
]]></failure>
</testcase>
<testcase classname="sorting by price - cheapest" name="2. Cheapest first sorting of Flight results" time="6.031733">
<failure message="org.openqa.selenium.WebDriverException: Element is not clickable at point (370, 52.69999694824219). Other element would receive the click: &lt;div class=&quot;ui-datepicker-title&quot;&gt;&lt;/div&gt;&#10;Command duration or timeout: 68 milliseconds&#10;Build info: version: '2.53.0', revision: '35ae25b', time: '2016-03-15 16:57:40'&#10;System info: host: 'tubuntu', ip: '127.0.1.1', os.name: 'Linux', os.arch: 'amd64', os.version: '3.19.0-58-generic', java.version: '1.8.0_77'&#10;Driver info: org.openqa.selenium.firefox.FirefoxDriver&#10;Capabilities [{applicationCacheEnabled=true, rotatable=false, handlesAlerts=true, databaseEnabled=true, version=45.0.1, platform=LINUX, nativeEvents=false, acceptSslCerts=true, webStorageEnabled=true, locationContextEnabled=true, browserName=firefox, takesScreenshot=true, javascriptEnabled=true, cssSelectorsEnabled=true}]&#10;Session ID: cbb111bf-5d1b-4889-b3c2-be45a8cab8e1&#10;&#9;at sun.reflect.NativeConstructorAccessorImpl.newInstance0(Native Method)&#10;&#9;at sun.reflect.NativeConstructorAccessorImpl.newInstance(NativeConstructorAccessorImpl.java:62)&#10;&#9;at sun.reflect.DelegatingConstructorAccessorImpl.newInstance(DelegatingConstructorAccessorImpl.java:45)&#10;&#9;at java.lang.reflect.Constructor.newInstance(Constructor.java:423)&#10;&#9;at org.openqa.selenium.remote.ErrorHandler.createThrowable(ErrorHandler.java:206)&#10;&#9;at org.openqa.selenium.remote.ErrorHandler.throwIfResponseFailed(ErrorHandler.java:158)&#10;&#9;at org.openqa.selenium.remote.RemoteWebDriver.execute(RemoteWebDriver.java:678)&#10;&#9;at org.openqa.selenium.remote.RemoteWebElement.execute(RemoteWebElement.java:327)&#10;&#9;at org.openqa.selenium.remote.RemoteWebElement.click(RemoteWebElement.java:85)&#10;&#9;at sun.reflect.GeneratedMethodAccessor11.invoke(Unknown Source)&#10;&#9;at sun.reflect.DelegatingMethodAccessorImpl.invoke(DelegatingMethodAccessorImpl.java:43)&#10;&#9;at java.lang.reflect.Method.invoke(Method.java:498)&#10;&#9;at org.openqa.selenium.support.events.EventFiringWebDriver$EventFiringWebElement$1.invoke(EventFiringWebDriver.java:335)&#10;&#9;at com.sun.proxy.$Proxy21.click(Unknown Source)&#10;&#9;at org.openqa.selenium.support.events.EventFiringWebDriver$EventFiringWebElement.click(EventFiringWebDriver.java:348)&#10;&#9;at com.goeuro.bddAutomation.HomePage.i_search_for_route_from_to_on_of_next_month(HomePage.java:33)&#10;&#9;at ✽.Given I search for route from &quot;Berlin, Deutschland&quot; to &quot;Prag, Tschechien&quot; on &quot;20&quot; of next month(resultsSortedByPrice.feature:13)&#10;"><![CDATA[Given I search for route from "Berlin, Deutschland" to "Prag, Tschechien" on "20" of next month.failed
When I sort by cheapest price...............................................skipped
And I select results for "flight"...........................................skipped
Then I should see a price sorted options with cheapest first................skipped

StackTrace:
org.openqa.selenium.WebDriverException: Element is not clickable at point (370, 52.69999694824219). Other element would receive the click: <div class="ui-datepicker-title"></div>
Command duration or timeout: 68 milliseconds
Build info: version: '2.53.0', revision: '35ae25b', time: '2016-03-15 16:57:40'
System info: host: 'tubuntu', ip: '127.0.1.1', os.name: 'Linux', os.arch: 'amd64', os.version: '3.19.0-58-generic', java.version: '1.8.0_77'
Driver info: org.openqa.selenium.firefox.FirefoxDriver
Capabilities [{applicationCacheEnabled=true, rotatable=false, handlesAlerts=true, databaseEnabled=true, version=45.0.1, platform=LINUX, nativeEvents=false, acceptSslCerts=true, webStorageEnabled=true, locationContextEnabled=true, browserName=firefox, takesScreenshot=true, javascriptEnabled=true, cssSelectorsEnabled=true}]
Session ID: cbb111bf-5d1b-4889-b3c2-be45a8cab8e1
	at sun.reflect.NativeConstructorAccessorImpl.newInstance0(Native Method)
	at sun.reflect.NativeConstructorAccessorImpl.newInstance(NativeConstructorAccessorImpl.java:62)
	at sun.reflect.DelegatingConstructorAccessorImpl.newInstance(DelegatingConstructorAccessorImpl.java:45)
	at java.lang.reflect.Constructor.newInstance(Constructor.java:423)
	at org.openqa.selenium.remote.ErrorHandler.createThrowable(ErrorHandler.java:206)
	at org.openqa.selenium.remote.ErrorHandler.throwIfResponseFailed(ErrorHandler.java:158)
	at org.openqa.selenium.remote.RemoteWebDriver.execute(RemoteWebDriver.java:678)
	at org.openqa.selenium.remote.RemoteWebElement.execute(RemoteWebElement.java:327)
	at org.openqa.selenium.remote.RemoteWebElement.click(RemoteWebElement.java:85)
	at sun.reflect.GeneratedMethodAccessor11.invoke(Unknown Source)
	at sun.reflect.DelegatingMethodAccessorImpl.invoke(DelegatingMethodAccessorImpl.java:43)
	at java.lang.reflect.Method.invoke(Method.java:498)
	at org.openqa.selenium.support.events.EventFiringWebDriver$EventFiringWebElement$1.invoke(EventFiringWebDriver.java:335)
	at com.sun.proxy.$Proxy21.click(Unknown Source)
	at org.openqa.selenium.support.events.EventFiringWebDriver$EventFiringWebElement.click(EventFiringWebDriver.java:348)
	at com.goeuro.bddAutomation.HomePage.i_search_for_route_from_to_on_of_next_month(HomePage.java:33)
	at ✽.Given I search for route from "Berlin, Deutschland" to "Prag, Tschechien" on "20" of next month(resultsSortedByPrice.feature:13)
]]></failure>
</testcase>
<testcase classname="sorting by price - cheapest" name="3. Cheapest first sorting of Bus results" time="6.748016">
<failure message="org.openqa.selenium.WebDriverException: Element is not clickable at point (370, 52.69999694824219). Other element would receive the click: &lt;div class=&quot;ui-datepicker-title&quot;&gt;&lt;/div&gt;&#10;Command duration or timeout: 65 milliseconds&#10;Build info: version: '2.53.0', revision: '35ae25b', time: '2016-03-15 16:57:40'&#10;System info: host: 'tubuntu', ip: '127.0.1.1', os.name: 'Linux', os.arch: 'amd64', os.version: '3.19.0-58-generic', java.version: '1.8.0_77'&#10;Driver info: org.openqa.selenium.firefox.FirefoxDriver&#10;Capabilities [{applicationCacheEnabled=true, rotatable=false, handlesAlerts=true, databaseEnabled=true, version=45.0.1, platform=LINUX, nativeEvents=false, acceptSslCerts=true, webStorageEnabled=true, locationContextEnabled=true, browserName=firefox, takesScreenshot=true, javascriptEnabled=true, cssSelectorsEnabled=true}]&#10;Session ID: cbb111bf-5d1b-4889-b3c2-be45a8cab8e1&#10;&#9;at sun.reflect.NativeConstructorAccessorImpl.newInstance0(Native Method)&#10;&#9;at sun.reflect.NativeConstructorAccessorImpl.newInstance(NativeConstructorAccessorImpl.java:62)&#10;&#9;at sun.reflect.DelegatingConstructorAccessorImpl.newInstance(DelegatingConstructorAccessorImpl.java:45)&#10;&#9;at java.lang.reflect.Constructor.newInstance(Constructor.java:423)&#10;&#9;at org.openqa.selenium.remote.ErrorHandler.createThrowable(ErrorHandler.java:206)&#10;&#9;at org.openqa.selenium.remote.ErrorHandler.throwIfResponseFailed(ErrorHandler.java:158)&#10;&#9;at org.openqa.selenium.remote.RemoteWebDriver.execute(RemoteWebDriver.java:678)&#10;&#9;at org.openqa.selenium.remote.RemoteWebElement.execute(RemoteWebElement.java:327)&#10;&#9;at org.openqa.selenium.remote.RemoteWebElement.click(RemoteWebElement.java:85)&#10;&#9;at sun.reflect.GeneratedMethodAccessor11.invoke(Unknown Source)&#10;&#9;at sun.reflect.DelegatingMethodAccessorImpl.invoke(DelegatingMethodAccessorImpl.java:43)&#10;&#9;at java.lang.reflect.Method.invoke(Method.java:498)&#10;&#9;at org.openqa.selenium.support.events.EventFiringWebDriver$EventFiringWebElement$1.invoke(EventFiringWebDriver.java:335)&#10;&#9;at com.sun.proxy.$Proxy21.click(Unknown Source)&#10;&#9;at org.openqa.selenium.support.events.EventFiringWebDriver$EventFiringWebElement.click(EventFiringWebDriver.java:348)&#10;&#9;at com.goeuro.bddAutomation.HomePage.i_search_for_route_from_to_on_of_next_month(HomePage.java:33)&#10;&#9;at ✽.Given I search for route from &quot;Berlin, Deutschland&quot; to &quot;Prag, Tschechien&quot; on &quot;20&quot; of next month(resultsSortedByPrice.feature:19)&#10;"><![CDATA[Given I search for route from "Berlin, Deutschland" to "Prag, Tschechien" on "20" of next month.failed
When I sort by cheapest price...............................................skipped
And I select results for "bus"..............................................skipped
Then I should see a price sorted options with cheapest first................skipped

StackTrace:
org.openqa.selenium.WebDriverException: Element is not clickable at point (370, 52.69999694824219). Other element would receive the click: <div class="ui-datepicker-title"></div>
Command duration or timeout: 65 milliseconds
Build info: version: '2.53.0', revision: '35ae25b', time: '2016-03-15 16:57:40'
System info: host: 'tubuntu', ip: '127.0.1.1', os.name: 'Linux', os.arch: 'amd64', os.version: '3.19.0-58-generic', java.version: '1.8.0_77'
Driver info: org.openqa.selenium.firefox.FirefoxDriver
Capabilities [{applicationCacheEnabled=true, rotatable=false, handlesAlerts=true, databaseEnabled=true, version=45.0.1, platform=LINUX, nativeEvents=false, acceptSslCerts=true, webStorageEnabled=true, locationContextEnabled=true, browserName=firefox, takesScreenshot=true, javascriptEnabled=true, cssSelectorsEnabled=true}]
Session ID: cbb111bf-5d1b-4889-b3c2-be45a8cab8e1
	at sun.reflect.NativeConstructorAccessorImpl.newInstance0(Native Method)
	at sun.reflect.NativeConstructorAccessorImpl.newInstance(NativeConstructorAccessorImpl.java:62)
	at sun.reflect.DelegatingConstructorAccessorImpl.newInstance(DelegatingConstructorAccessorImpl.java:45)
	at java.lang.reflect.Constructor.newInstance(Constructor.java:423)
	at org.openqa.selenium.remote.ErrorHandler.createThrowable(ErrorHandler.java:206)
	at org.openqa.selenium.remote.ErrorHandler.throwIfResponseFailed(ErrorHandler.java:158)
	at org.openqa.selenium.remote.RemoteWebDriver.execute(RemoteWebDriver.java:678)
	at org.openqa.selenium.remote.RemoteWebElement.execute(RemoteWebElement.java:327)
	at org.openqa.selenium.remote.RemoteWebElement.click(RemoteWebElement.java:85)
	at sun.reflect.GeneratedMethodAccessor11.invoke(Unknown Source)
	at sun.reflect.DelegatingMethodAccessorImpl.invoke(DelegatingMethodAccessorImpl.java:43)
	at java.lang.reflect.Method.invoke(Method.java:498)
	at org.openqa.selenium.support.events.EventFiringWebDriver$EventFiringWebElement$1.invoke(EventFiringWebDriver.java:335)
	at com.sun.proxy.$Proxy21.click(Unknown Source)
	at org.openqa.selenium.support.events.EventFiringWebDriver$EventFiringWebElement.click(EventFiringWebDriver.java:348)
	at com.goeuro.bddAutomation.HomePage.i_search_for_route_from_to_on_of_next_month(HomePage.java:33)
	at ✽.Given I search for route from "Berlin, Deutschland" to "Prag, Tschechien" on "20" of next month(resultsSortedByPrice.feature:19)
]]></failure>
</testcase>
<testcase classname="sorting by price - cheapest" name="3. Cheapest first sorting of Bus results" time="3.726196">
<failure message="org.openqa.selenium.NoSuchElementException: Unable to locate element: {&quot;method&quot;:&quot;name&quot;,&quot;selector&quot;:&quot;to_filter&quot;}&#10;Command duration or timeout: 50 milliseconds&#10;For documentation on this error, please visit: http://seleniumhq.org/exceptions/no_such_element.html&#10;Build info: version: '2.53.0', revision: '35ae25b', time: '2016-03-15 16:57:40'&#10;System info: host: 'tubuntu', ip: '127.0.1.1', os.name: 'Linux', os.arch: 'amd64', os.version: '3.19.0-58-generic', java.version: '1.8.0_77'&#10;Driver info: org.openqa.selenium.firefox.FirefoxDriver&#10;Capabilities [{applicationCacheEnabled=true, rotatable=false, handlesAlerts=true, databaseEnabled=true, version=45.0.1, platform=LINUX, nativeEvents=false, acceptSslCerts=true, webStorageEnabled=true, locationContextEnabled=true, browserName=firefox, takesScreenshot=true, javascriptEnabled=true, cssSelectorsEnabled=true}]&#10;Session ID: cbb111bf-5d1b-4889-b3c2-be45a8cab8e1&#10;*** Element info: {Using=name, value=to_filter}&#10;&#9;at sun.reflect.NativeConstructorAccessorImpl.newInstance0(Native Method)&#10;&#9;at sun.reflect.NativeConstructorAccessorImpl.newInstance(NativeConstructorAccessorImpl.java:62)&#10;&#9;at sun.reflect.DelegatingConstructorAccessorImpl.newInstance(DelegatingConstructorAccessorImpl.java:45)&#10;&#9;at java.lang.reflect.Constructor.newInstance(Constructor.java:423)&#10;&#9;at org.openqa.selenium.remote.ErrorHandler.createThrowable(ErrorHandler.java:206)&#10;&#9;at org.openqa.selenium.remote.ErrorHandler.throwIfResponseFailed(ErrorHandler.java:158)&#10;&#9;at org.openqa.selenium.remote.RemoteWebDriver.execute(RemoteWebDriver.java:678)&#10;&#9;at org.openqa.selenium.remote.RemoteWebDriver.findElement(RemoteWebDriver.java:363)&#10;&#9;at org.openqa.selenium.remote.RemoteWebDriver.findElementByName(RemoteWebDriver.java:461)&#10;&#9;at org.openqa.selenium.By$ByName.findElement(By.java:303)&#10;&#9;at org.openqa.selenium.remote.RemoteWebDriver.findElement(RemoteWebDriver.java:355)&#10;&#9;at sun.reflect.GeneratedMethodAccessor7.invoke(Unknown Source)&#10;&#9;at sun.reflect.DelegatingMethodAccessorImpl.invoke(DelegatingMethodAccessorImpl.java:43)&#10;&#9;at java.lang.reflect.Method.invoke(Method.java:498)&#10;&#9;at org.openqa.selenium.support.events.EventFiringWebDriver$2.invoke(EventFiringWebDriver.java:103)&#10;&#9;at com.sun.proxy.$Proxy20.findElement(Unknown Source)&#10;&#9;at org.openqa.selenium.support.events.EventFiringWebDriver.findElement(EventFiringWebDriver.java:188)&#10;&#9;at com.goeuro.bddAutomation.HomePage.i_search_for_route_from_to_on_of_next_month(HomePage.java:29)&#10;&#9;at ✽.Given I search for route from &quot;Berlin, Deutschland&quot; to &quot;Prag, Tschechien&quot; on &quot;20&quot; of next month(resultsSortedByPrice.feature:19)&#10;Caused by: org.openqa.selenium.NoSuchElementException: Unable to locate element: {&quot;method&quot;:&quot;name&quot;,&quot;selector&quot;:&quot;to_filter&quot;}&#10;For documentation on this error, please visit: http://seleniumhq.org/exceptions/no_such_element.html&#10;Build info: version: '2.53.0', revision: '35ae25b', time: '2016-03-15 16:57:40'&#10;System info: host: 'tubuntu', ip: '127.0.1.1', os.name: 'Linux', os.arch: 'amd64', os.version: '3.19.0-58-generic', java.version: '1.8.0_77'&#10;Driver info: driver.version: unknown&#10;&#9;at &lt;anonymous class&gt;.FirefoxDriver.prototype.findElementInternal_(file:///tmp/anonymous1544132624389815000webdriver-profile/extensions/fxdriver@googlecode.com/components/driver-component.js:10770)&#10;&#9;at &lt;anonymous class&gt;.FirefoxDriver.prototype.findElement(file:///tmp/anonymous1544132624389815000webdriver-profile/extensions/fxdriver@googlecode.com/components/driver-component.js:10779)&#10;&#9;at &lt;anonymous class&gt;.DelayedCommand.prototype.executeInternal_/h(file:///tmp/anonymous1544132624389815000webdriver-profile/extensions/fxdriver@googlecode.com/components/command-processor.js:12661)&#10;&#9;at &lt;anonymous class&gt;.DelayedCommand.prototype.executeInternal_(file:///tmp/anonymous1544132624389815000webdriver-profile/extensions/fxdriver@googlecode.com/components/command-processor.js:12666)&#10;&#9;at &lt;anonymous class&gt;.DelayedCommand.prototype.execute/&lt;(file:///tmp/anonymous1544132624389815000webdriver-profile/extensions/fxdriver@googlecode.com/components/command-processor.js:12608)&#10;"><![CDATA[Given I search for route from "Berlin, Deutschland" to "Prag, Tschechien" on "20" of next month.failed
When I sort by cheapest price...............................................skipped
And I select results for "bus"..............................................skipped
Then I should see a price sorted options with cheapest first................skipped

StackTrace:
org.openqa.selenium.NoSuchElementException: Unable to locate element: {"method":"name","selector":"to_filter"}
Command duration or timeout: 50 milliseconds
For documentation on this error, please visit: http://seleniumhq.org/exceptions/no_such_element.html
Build info: version: '2.53.0', revision: '35ae25b', time: '2016-03-15 16:57:40'
System info: host: 'tubuntu', ip: '127.0.1.1', os.name: 'Linux', os.arch: 'amd64', os.version: '3.19.0-58-generic', java.version: '1.8.0_77'
Driver info: org.openqa.selenium.firefox.FirefoxDriver
Capabilities [{applicationCacheEnabled=true, rotatable=false, handlesAlerts=true, databaseEnabled=true, version=45.0.1, platform=LINUX, nativeEvents=false, acceptSslCerts=true, webStorageEnabled=true, locationContextEnabled=true, browserName=firefox, takesScreenshot=true, javascriptEnabled=true, cssSelectorsEnabled=true}]
Session ID: cbb111bf-5d1b-4889-b3c2-be45a8cab8e1
*** Element info: {Using=name, value=to_filter}
	at sun.reflect.NativeConstructorAccessorImpl.newInstance0(Native Method)
	at sun.reflect.NativeConstructorAccessorImpl.newInstance(NativeConstructorAccessorImpl.java:62)
	at sun.reflect.DelegatingConstructorAccessorImpl.newInstance(DelegatingConstructorAccessorImpl.java:45)
	at java.lang.reflect.Constructor.newInstance(Constructor.java:423)
	at org.openqa.selenium.remote.ErrorHandler.createThrowable(ErrorHandler.java:206)
	at org.openqa.selenium.remote.ErrorHandler.throwIfResponseFailed(ErrorHandler.java:158)
	at org.openqa.selenium.remote.RemoteWebDriver.execute(RemoteWebDriver.java:678)
	at org.openqa.selenium.remote.RemoteWebDriver.findElement(RemoteWebDriver.java:363)
	at org.openqa.selenium.remote.RemoteWebDriver.findElementByName(RemoteWebDriver.java:461)
	at org.openqa.selenium.By$ByName.findElement(By.java:303)
	at org.openqa.selenium.remote.RemoteWebDriver.findElement(RemoteWebDriver.java:355)
	at sun.reflect.GeneratedMethodAccessor7.invoke(Unknown Source)
	at sun.reflect.DelegatingMethodAccessorImpl.invoke(DelegatingMethodAccessorImpl.java:43)
	at java.lang.reflect.Method.invoke(Method.java:498)
	at org.openqa.selenium.support.events.EventFiringWebDriver$2.invoke(EventFiringWebDriver.java:103)
	at com.sun.proxy.$Proxy20.findElement(Unknown Source)
	at org.openqa.selenium.support.events.EventFiringWebDriver.findElement(EventFiringWebDriver.java:188)
	at com.goeuro.bddAutomation.HomePage.i_search_for_route_from_to_on_of_next_month(HomePage.java:29)
	at ✽.Given I search for route from "Berlin, Deutschland" to "Prag, Tschechien" on "20" of next month(resultsSortedByPrice.feature:19)
Caused by: org.openqa.selenium.NoSuchElementException: Unable to locate element: {"method":"name","selector":"to_filter"}
For documentation on this error, please visit: http://seleniumhq.org/exceptions/no_such_element.html
Build info: version: '2.53.0', revision: '35ae25b', time: '2016-03-15 16:57:40'
System info: host: 'tubuntu', ip: '127.0.1.1', os.name: 'Linux', os.arch: 'amd64', os.version: '3.19.0-58-generic', java.version: '1.8.0_77'
Driver info: driver.version: unknown
	at <anonymous class>.FirefoxDriver.prototype.findElementInternal_(file:///tmp/anonymous1544132624389815000webdriver-profile/extensions/fxdriver@googlecode.com/components/driver-component.js:10770)
	at <anonymous class>.FirefoxDriver.prototype.findElement(file:///tmp/anonymous1544132624389815000webdriver-profile/extensions/fxdriver@googlecode.com/components/driver-component.js:10779)
	at <anonymous class>.DelayedCommand.prototype.executeInternal_/h(file:///tmp/anonymous1544132624389815000webdriver-profile/extensions/fxdriver@googlecode.com/components/command-processor.js:12661)
	at <anonymous class>.DelayedCommand.prototype.executeInternal_(file:///tmp/anonymous1544132624389815000webdriver-profile/extensions/fxdriver@googlecode.com/components/command-processor.js:12666)
	at <anonymous class>.DelayedCommand.prototype.execute/<(file:///tmp/anonymous1544132624389815000webdriver-profile/extensions/fxdriver@googlecode.com/components/command-processor.js:12608)
]]></failure>
</testcase>
</testsuite>
